<?xml version="1.0" encoding="UTF-8"?>
<!-- Generated by org.testng.reporters.JUnitReportReporter -->
<testsuite skipped="0" hostname="gonens-MacBook-2.local" name="com.qa.hotels.tests.HotelPageTest" tests="1" failures="0" timestamp="2020-07-30T02:21:32 EDT" time="70.748" errors="0">
  <testcase name="getHiltonTest" time="70.748" classname="com.qa.hotels.tests.HotelPageTest"/>
  <system-out/>
</testsuite> <!-- com.qa.hotels.tests.HotelPageTest -->
