<?xml version="1.0" encoding="UTF-8"?>
<!-- Generated by org.testng.reporters.JUnitReportReporter -->
<testsuite skipped="0" hostname="gonens-MacBook-2.local" name="com.qa.hotels.tests.HotelPage2Test" tests="1" failures="0" timestamp="2020-07-30T02:27:35 EDT" time="74.236" errors="0">
  <testcase name="selectStar5Test" time="74.236" classname="com.qa.hotels.tests.HotelPage2Test"/>
  <system-out/>
</testsuite> <!-- com.qa.hotels.tests.HotelPage2Test -->
