<?xml version="1.0" encoding="UTF-8"?>
<!-- Generated by org.testng.reporters.JUnitReportReporter -->
<testsuite skipped="0" hostname="gonens-MacBook-2.local" name="com.qa.hotels.tests.HomePageTest" tests="1" failures="0" timestamp="2020-07-30T02:16:03 EDT" time="21.890" errors="0">
  <testcase name="sendInformationTest" time="21.890" classname="com.qa.hotels.tests.HomePageTest"/>
  <system-out/>
</testsuite> <!-- com.qa.hotels.tests.HomePageTest -->
